<?xml version="1.0" encoding="UTF-8"?>
<!-- Generated by org.testng.reporters.JUnitReportReporter -->
<testsuite skipped="0" hostname="DESKTOP-PDLJJ09" name="com.testcases.SettingsPageTest" tests="1" failures="0" timestamp="25 Feb 2019 05:09:58 GMT" time="36.710" errors="0">
  <testcase name="verify_Add_Default_people_or_companies_settings_and_verify_its_reflection_in_all_sections_Test" time="36.710" classname="com.testcases.SettingsPageTest"/>
</testsuite> <!-- com.testcases.SettingsPageTest -->
