<?xml version="1.0" encoding="UTF-8"?>
<!-- Generated by org.testng.reporters.JUnitReportReporter -->
<testsuite skipped="0" hostname="DESKTOP-C01PVB3" name="com.testcases.AnalysePageTest" tests="1" failures="0" timestamp="03 Sep 2019 18:11:06 GMT" time="35.446" errors="0">
  <testcase name="AnalysePage_Test" time="35.446" classname="com.testcases.AnalysePageTest"/>
</testsuite> <!-- com.testcases.AnalysePageTest -->
