<?xml version="1.0" encoding="UTF-8"?>
<!-- Generated by org.testng.reporters.JUnitReportReporter -->
<testsuite skipped="0" hostname="DESKTOP-C01PVB3" name="com.testcases.BuildPageTest" tests="1" failures="0" timestamp="01 Oct 2019 05:22:08 GMT" time="107.209" errors="0">
  <testcase name="verify_Build_Owner_user_permissions_Test" time="107.209" classname="com.testcases.BuildPageTest"/>
</testsuite> <!-- com.testcases.BuildPageTest -->
