<?xml version="1.0" encoding="UTF-8"?>
<!-- Generated by org.testng.reporters.JUnitReportReporter -->
<testsuite skipped="0" hostname="DESKTOP-K2VLQMN" name="com.testcases.LoginPageTest" tests="1" failures="0" timestamp="01 Aug 2019 05:21:01 GMT" time="8.887" errors="0">
  <testcase name="test_Data" time="8.887" classname="com.testcases.LoginPageTest"/>
</testsuite> <!-- com.testcases.LoginPageTest -->
