<?xml version="1.0" encoding="UTF-8"?>
<!-- Generated by org.testng.reporters.JUnitReportReporter -->
<testsuite skipped="0" hostname="DESKTOP-PDLJJ09" name="com.testcases.CapturePageTest" tests="1" failures="0" timestamp="12 Mar 2019 11:12:28 GMT" time="40.473" errors="0">
  <testcase name="Settings_Score_Addition_Delete_Copy_Questionnaire_Test" time="40.473" classname="com.testcases.CapturePageTest"/>
</testsuite> <!-- com.testcases.CapturePageTest -->
