<?xml version="1.0" encoding="UTF-8"?>
<!-- Generated by org.testng.reporters.JUnitReportReporter -->
<testsuite skipped="0" hostname="DESKTOP-C01PVB3" name="com.testcases.AuditPageTest" tests="1" failures="0" timestamp="01 Oct 2019 05:02:02 GMT" time="98.391" errors="0">
  <testcase name="verify_Add_activity_for_the_external_audit" time="98.391" classname="com.testcases.AuditPageTest"/>
</testsuite> <!-- com.testcases.AuditPageTest -->
