<?xml version="1.0" encoding="UTF-8"?>
<!-- Generated by org.testng.reporters.JUnitReportReporter -->
<testsuite skipped="0" hostname="DESKTOP-C01PVB3" name="com.testcases.DashBoardPageTest" tests="1" failures="0" timestamp="12 Sep 2019 05:35:46 GMT" time="38.600" errors="0">
  <testcase name="Complete_Activity_Test" time="38.600" classname="com.testcases.DashBoardPageTest"/>
</testsuite> <!-- com.testcases.DashBoardPageTest -->
